--------------- Build Started: 04/01/2019 12:07:25 Project: firmware, Configuration: DP8051 Keil 9.51 Debug ---------------
The code generation step is up to date.
c51.exe command_processing.c NOIV LARGE MODDP2 OMF2 VB(1) NOIP "INCDIR(., Generated_Source\PSoC3)" FF(3) DB WL(2) PR(.\DP8051_Keil_951\Debug/command_processing.lst) CD OT(2 ,Size) OJ(.\DP8051_Keil_951\Debug\command_processing.obj)
c51.exe globals.c NOIV LARGE MODDP2 OMF2 VB(1) NOIP "INCDIR(., Generated_Source\PSoC3)" FF(3) DB WL(2) PR(.\DP8051_Keil_951\Debug/globals.lst) CD OT(2 ,Size) OJ(.\DP8051_Keil_951\Debug\globals.obj)
c51.exe interruptions.c NOIV LARGE MODDP2 OMF2 VB(1) NOIP "INCDIR(., Generated_Source\PSoC3)" FF(3) DB WL(2) PR(.\DP8051_Keil_951\Debug/interruptions.lst) CD OT(2 ,Size) OJ(.\DP8051_Keil_951\Debug\interruptions.obj)
c51.exe main.c NOIV LARGE MODDP2 OMF2 VB(1) NOIP "INCDIR(., Generated_Source\PSoC3)" FF(3) DB WL(2) PR(.\DP8051_Keil_951\Debug/main.lst) CD OT(2 ,Size) OJ(.\DP8051_Keil_951\Debug\main.obj)
c51.exe utils.c NOIV LARGE MODDP2 OMF2 VB(1) NOIP "INCDIR(., Generated_Source\PSoC3)" FF(3) DB WL(2) PR(.\DP8051_Keil_951\Debug/utils.lst) CD OT(2 ,Size) OJ(.\DP8051_Keil_951\Debug\utils.obj)
c51.exe IMU_functions.c NOIV LARGE MODDP2 OMF2 VB(1) NOIP "INCDIR(., Generated_Source\PSoC3)" FF(3) DB WL(2) PR(.\DP8051_Keil_951\Debug/IMU_functions.lst) CD OT(2 ,Size) OJ(.\DP8051_Keil_951\Debug\IMU_functions.obj)
c51.exe Generated_Source\PSoC3\cyfitter_cfg.c NOIV LARGE MODDP2 OMF2 VB(1) NOIP "INCDIR(., Generated_Source\PSoC3)" FF(3) DB WL(2) PR(.\DP8051_Keil_951\Debug/cyfitter_cfg.lst) CD OT(2 ,Size) DF(CYAPP_ECC_OFFSET='1216') OJ(.\DP8051_Keil_951\Debug\cyfitter_cfg.obj)
c51.exe Generated_Source\PSoC3\UART_RS485.c NOIV LARGE MODDP2 OMF2 VB(1) NOIP "INCDIR(., Generated_Source\PSoC3)" FF(3) DB WL(2) PR(.\DP8051_Keil_951\Debug/UART_RS485.lst) CD OT(2 ,Size) OJ(.\DP8051_Keil_951\Debug\UART_RS485.obj)
c51.exe Generated_Source\PSoC3\UART_RS485_PM.c NOIV LARGE MODDP2 OMF2 VB(1) NOIP "INCDIR(., Generated_Source\PSoC3)" FF(3) DB WL(2) PR(.\DP8051_Keil_951\Debug/UART_RS485_PM.lst) CD OT(2 ,Size) OJ(.\DP8051_Keil_951\Debug\UART_RS485_PM.obj)
c51.exe Generated_Source\PSoC3\UART_RS485_INT.c NOIV LARGE MODDP2 OMF2 VB(1) NOIP "INCDIR(., Generated_Source\PSoC3)" FF(3) DB WL(2) PR(.\DP8051_Keil_951\Debug/UART_RS485_INT.lst) CD OT(2 ,Size) OJ(.\DP8051_Keil_951\Debug\UART_RS485_INT.obj)
c51.exe Generated_Source\PSoC3\UART_RS485_BOOT.c NOIV LARGE MODDP2 OMF2 VB(1) NOIP "INCDIR(., Generated_Source\PSoC3)" FF(3) DB WL(2) PR(.\DP8051_Keil_951\Debug/UART_RS485_BOOT.lst) CD OT(2 ,Size) OJ(.\DP8051_Keil_951\Debug\UART_RS485_BOOT.obj)
c51.exe Generated_Source\PSoC3\RS_485_EN.c NOIV LARGE MODDP2 OMF2 VB(1) NOIP "INCDIR(., Generated_Source\PSoC3)" FF(3) DB WL(2) PR(.\DP8051_Keil_951\Debug/RS_485_EN.lst) CD OT(2 ,Size) OJ(.\DP8051_Keil_951\Debug\RS_485_EN.obj)
c51.exe Generated_Source\PSoC3\ISR_RS485_RX.c NOIV LARGE MODDP2 OMF2 VB(1) NOIP "INCDIR(., Generated_Source\PSoC3)" FF(3) DB WL(2) PR(.\DP8051_Keil_951\Debug/ISR_RS485_RX.lst) CD OT(2 ,Size) OJ(.\DP8051_Keil_951\Debug\ISR_RS485_RX.obj)
c51.exe Generated_Source\PSoC3\PACER_TIMER.c NOIV LARGE MODDP2 OMF2 VB(1) NOIP "INCDIR(., Generated_Source\PSoC3)" FF(3) DB WL(2) PR(.\DP8051_Keil_951\Debug/PACER_TIMER.lst) CD OT(2 ,Size) OJ(.\DP8051_Keil_951\Debug\PACER_TIMER.obj)
c51.exe Generated_Source\PSoC3\PACER_TIMER_PM.c NOIV LARGE MODDP2 OMF2 VB(1) NOIP "INCDIR(., Generated_Source\PSoC3)" FF(3) DB WL(2) PR(.\DP8051_Keil_951\Debug/PACER_TIMER_PM.lst) CD OT(2 ,Size) OJ(.\DP8051_Keil_951\Debug\PACER_TIMER_PM.obj)
c51.exe Generated_Source\PSoC3\CLOCK_UART.c NOIV LARGE MODDP2 OMF2 VB(1) NOIP "INCDIR(., Generated_Source\PSoC3)" FF(3) DB WL(2) PR(.\DP8051_Keil_951\Debug/CLOCK_UART.lst) CD OT(2 ,Size) OJ(.\DP8051_Keil_951\Debug\CLOCK_UART.obj)
c51.exe Generated_Source\PSoC3\EEPROM.c NOIV LARGE MODDP2 OMF2 VB(1) NOIP "INCDIR(., Generated_Source\PSoC3)" FF(3) DB WL(2) PR(.\DP8051_Keil_951\Debug/EEPROM.lst) CD OT(2 ,Size) OJ(.\DP8051_Keil_951\Debug\EEPROM.obj)
c51.exe Generated_Source\PSoC3\USB_VDD.c NOIV LARGE MODDP2 OMF2 VB(1) NOIP "INCDIR(., Generated_Source\PSoC3)" FF(3) DB WL(2) PR(.\DP8051_Keil_951\Debug/USB_VDD.lst) CD OT(2 ,Size) OJ(.\DP8051_Keil_951\Debug\USB_VDD.obj)
c51.exe Generated_Source\PSoC3\FTDI_ENABLE.c NOIV LARGE MODDP2 OMF2 VB(1) NOIP "INCDIR(., Generated_Source\PSoC3)" FF(3) DB WL(2) PR(.\DP8051_Keil_951\Debug/FTDI_ENABLE.lst) CD OT(2 ,Size) OJ(.\DP8051_Keil_951\Debug\FTDI_ENABLE.obj)
c51.exe Generated_Source\PSoC3\ADC.c NOIV LARGE MODDP2 OMF2 VB(1) NOIP "INCDIR(., Generated_Source\PSoC3)" FF(3) DB WL(2) PR(.\DP8051_Keil_951\Debug/ADC.lst) CD OT(2 ,Size) OJ(.\DP8051_Keil_951\Debug\ADC.obj)
c51.exe Generated_Source\PSoC3\ADC_PM.c NOIV LARGE MODDP2 OMF2 VB(1) NOIP "INCDIR(., Generated_Source\PSoC3)" FF(3) DB WL(2) PR(.\DP8051_Keil_951\Debug/ADC_PM.lst) CD OT(2 ,Size) OJ(.\DP8051_Keil_951\Debug\ADC_PM.obj)
c51.exe Generated_Source\PSoC3\ADC_INT.c NOIV LARGE MODDP2 OMF2 VB(1) NOIP "INCDIR(., Generated_Source\PSoC3)" FF(3) DB WL(2) PR(.\DP8051_Keil_951\Debug/ADC_INT.lst) CD OT(2 ,Size) OJ(.\DP8051_Keil_951\Debug\ADC_INT.obj)
c51.exe Generated_Source\PSoC3\RS485_CTS.c NOIV LARGE MODDP2 OMF2 VB(1) NOIP "INCDIR(., Generated_Source\PSoC3)" FF(3) DB WL(2) PR(.\DP8051_Keil_951\Debug/RS485_CTS.lst) CD OT(2 ,Size) OJ(.\DP8051_Keil_951\Debug\RS485_CTS.obj)
c51.exe Generated_Source\PSoC3\RS485_CTS_PM.c NOIV LARGE MODDP2 OMF2 VB(1) NOIP "INCDIR(., Generated_Source\PSoC3)" FF(3) DB WL(2) PR(.\DP8051_Keil_951\Debug/RS485_CTS_PM.lst) CD OT(2 ,Size) OJ(.\DP8051_Keil_951\Debug\RS485_CTS_PM.obj)
c51.exe Generated_Source\PSoC3\Bootloadable.c NOIV LARGE MODDP2 OMF2 VB(1) NOIP "INCDIR(., Generated_Source\PSoC3)" FF(3) DB WL(2) PR(.\DP8051_Keil_951\Debug/Bootloadable.lst) CD OT(2 ,Size) OJ(.\DP8051_Keil_951\Debug\Bootloadable.obj)
c51.exe Generated_Source\PSoC3\FTDI_ENABLE_REG.c NOIV LARGE MODDP2 OMF2 VB(1) NOIP "INCDIR(., Generated_Source\PSoC3)" FF(3) DB WL(2) PR(.\DP8051_Keil_951\Debug/FTDI_ENABLE_REG.lst) CD OT(2 ,Size) OJ(.\DP8051_Keil_951\Debug\FTDI_ENABLE_REG.obj)
c51.exe Generated_Source\PSoC3\FTDI_ENABLE_REG_PM.c NOIV LARGE MODDP2 OMF2 VB(1) NOIP "INCDIR(., Generated_Source\PSoC3)" FF(3) DB WL(2) PR(.\DP8051_Keil_951\Debug/FTDI_ENABLE_REG_PM.lst) CD OT(2 ,Size) OJ(.\DP8051_Keil_951\Debug\FTDI_ENABLE_REG_PM.obj)
c51.exe Generated_Source\PSoC3\RESET_FF.c NOIV LARGE MODDP2 OMF2 VB(1) NOIP "INCDIR(., Generated_Source\PSoC3)" FF(3) DB WL(2) PR(.\DP8051_Keil_951\Debug/RESET_FF.lst) CD OT(2 ,Size) OJ(.\DP8051_Keil_951\Debug\RESET_FF.obj)
c51.exe Generated_Source\PSoC3\RESET_FF_PM.c NOIV LARGE MODDP2 OMF2 VB(1) NOIP "INCDIR(., Generated_Source\PSoC3)" FF(3) DB WL(2) PR(.\DP8051_Keil_951\Debug/RESET_FF_PM.lst) CD OT(2 ,Size) OJ(.\DP8051_Keil_951\Debug\RESET_FF_PM.obj)
c51.exe Generated_Source\PSoC3\FF_STATUS.c NOIV LARGE MODDP2 OMF2 VB(1) NOIP "INCDIR(., Generated_Source\PSoC3)" FF(3) DB WL(2) PR(.\DP8051_Keil_951\Debug/FF_STATUS.lst) CD OT(2 ,Size) OJ(.\DP8051_Keil_951\Debug\FF_STATUS.obj)
c51.exe Generated_Source\PSoC3\MY_TIMER.c NOIV LARGE MODDP2 OMF2 VB(1) NOIP "INCDIR(., Generated_Source\PSoC3)" FF(3) DB WL(2) PR(.\DP8051_Keil_951\Debug/MY_TIMER.lst) CD OT(2 ,Size) OJ(.\DP8051_Keil_951\Debug\MY_TIMER.obj)
c51.exe Generated_Source\PSoC3\MY_TIMER_PM.c NOIV LARGE MODDP2 OMF2 VB(1) NOIP "INCDIR(., Generated_Source\PSoC3)" FF(3) DB WL(2) PR(.\DP8051_Keil_951\Debug/MY_TIMER_PM.lst) CD OT(2 ,Size) OJ(.\DP8051_Keil_951\Debug\MY_TIMER_PM.obj)
c51.exe Generated_Source\PSoC3\timer_clock.c NOIV LARGE MODDP2 OMF2 VB(1) NOIP "INCDIR(., Generated_Source\PSoC3)" FF(3) DB WL(2) PR(.\DP8051_Keil_951\Debug/timer_clock.lst) CD OT(2 ,Size) OJ(.\DP8051_Keil_951\Debug\timer_clock.obj)
c51.exe Generated_Source\PSoC3\ADC_STATUS.c NOIV LARGE MODDP2 OMF2 VB(1) NOIP "INCDIR(., Generated_Source\PSoC3)" FF(3) DB WL(2) PR(.\DP8051_Keil_951\Debug/ADC_STATUS.lst) CD OT(2 ,Size) OJ(.\DP8051_Keil_951\Debug\ADC_STATUS.obj)
c51.exe Generated_Source\PSoC3\DMA_dma.c NOIV LARGE MODDP2 OMF2 VB(1) NOIP "INCDIR(., Generated_Source\PSoC3)" FF(3) DB WL(2) PR(.\DP8051_Keil_951\Debug/DMA_dma.lst) CD OT(2 ,Size) OJ(.\DP8051_Keil_951\Debug\DMA_dma.obj)
c51.exe Generated_Source\PSoC3\ADC_SOC.c NOIV LARGE MODDP2 OMF2 VB(1) NOIP "INCDIR(., Generated_Source\PSoC3)" FF(3) DB WL(2) PR(.\DP8051_Keil_951\Debug/ADC_SOC.lst) CD OT(2 ,Size) OJ(.\DP8051_Keil_951\Debug\ADC_SOC.obj)
c51.exe Generated_Source\PSoC3\ADC_SOC_PM.c NOIV LARGE MODDP2 OMF2 VB(1) NOIP "INCDIR(., Generated_Source\PSoC3)" FF(3) DB WL(2) PR(.\DP8051_Keil_951\Debug/ADC_SOC_PM.lst) CD OT(2 ,Size) OJ(.\DP8051_Keil_951\Debug\ADC_SOC_PM.obj)
c51.exe Generated_Source\PSoC3\ADC_AMux.c NOIV LARGE MODDP2 OMF2 VB(1) NOIP "INCDIR(., Generated_Source\PSoC3)" FF(3) DB WL(2) PR(.\DP8051_Keil_951\Debug/ADC_AMux.lst) CD OT(2 ,Size) OJ(.\DP8051_Keil_951\Debug\ADC_AMux.obj)
c51.exe Generated_Source\PSoC3\ADC_Ext_CP_Clk.c NOIV LARGE MODDP2 OMF2 VB(1) NOIP "INCDIR(., Generated_Source\PSoC3)" FF(3) DB WL(2) PR(.\DP8051_Keil_951\Debug/ADC_Ext_CP_Clk.lst) CD OT(2 ,Size) OJ(.\DP8051_Keil_951\Debug\ADC_Ext_CP_Clk.obj)
c51.exe Generated_Source\PSoC3\ADC_IRQ.c NOIV LARGE MODDP2 OMF2 VB(1) NOIP "INCDIR(., Generated_Source\PSoC3)" FF(3) DB WL(2) PR(.\DP8051_Keil_951\Debug/ADC_IRQ.lst) CD OT(2 ,Size) OJ(.\DP8051_Keil_951\Debug\ADC_IRQ.obj)
c51.exe Generated_Source\PSoC3\ADC_theACLK.c NOIV LARGE MODDP2 OMF2 VB(1) NOIP "INCDIR(., Generated_Source\PSoC3)" FF(3) DB WL(2) PR(.\DP8051_Keil_951\Debug/ADC_theACLK.lst) CD OT(2 ,Size) OJ(.\DP8051_Keil_951\Debug\ADC_theACLK.obj)
c51.exe Generated_Source\PSoC3\CyDmac.c NOIV LARGE MODDP2 OMF2 VB(1) NOIP "INCDIR(., Generated_Source\PSoC3)" FF(3) DB WL(2) PR(.\DP8051_Keil_951\Debug/CyDmac.lst) CD OT(2 ,Size) OJ(.\DP8051_Keil_951\Debug\CyDmac.obj)
c51.exe Generated_Source\PSoC3\CyFlash.c NOIV LARGE MODDP2 OMF2 VB(1) NOIP "INCDIR(., Generated_Source\PSoC3)" FF(3) DB WL(2) PR(.\DP8051_Keil_951\Debug/CyFlash.lst) CD OT(2 ,Size) OJ(.\DP8051_Keil_951\Debug\CyFlash.obj)
c51.exe Generated_Source\PSoC3\CyLib.c NOIV LARGE MODDP2 OMF2 VB(1) NOIP "INCDIR(., Generated_Source\PSoC3)" FF(3) DB WL(2) PR(.\DP8051_Keil_951\Debug/CyLib.lst) CD OT(2 ,Size) OJ(.\DP8051_Keil_951\Debug\CyLib.obj)
c51.exe Generated_Source\PSoC3\cyPm.c NOIV LARGE MODDP2 OMF2 VB(1) NOIP "INCDIR(., Generated_Source\PSoC3)" FF(3) DB WL(2) PR(.\DP8051_Keil_951\Debug/cyPm.lst) CD OT(2 ,Size) OJ(.\DP8051_Keil_951\Debug\cyPm.obj)
c51.exe Generated_Source\PSoC3\CySpc.c NOIV LARGE MODDP2 OMF2 VB(1) NOIP "INCDIR(., Generated_Source\PSoC3)" FF(3) DB WL(2) PR(.\DP8051_Keil_951\Debug/CySpc.lst) CD OT(2 ,Size) OJ(.\DP8051_Keil_951\Debug\CySpc.obj)
c51.exe Generated_Source\PSoC3\cyutils.c NOIV LARGE MODDP2 OMF2 VB(1) NOIP "INCDIR(., Generated_Source\PSoC3)" FF(3) DB WL(2) PR(.\DP8051_Keil_951\Debug/cyutils.lst) CD OT(2 ,Size) OJ(.\DP8051_Keil_951\Debug\cyutils.obj)
c51.exe Generated_Source\PSoC3\SPI_IMU.c NOIV LARGE MODDP2 OMF2 VB(1) NOIP "INCDIR(., Generated_Source\PSoC3)" FF(3) DB WL(2) PR(.\DP8051_Keil_951\Debug/SPI_IMU.lst) CD OT(2 ,Size) OJ(.\DP8051_Keil_951\Debug\SPI_IMU.obj)
c51.exe Generated_Source\PSoC3\SPI_IMU_PM.c NOIV LARGE MODDP2 OMF2 VB(1) NOIP "INCDIR(., Generated_Source\PSoC3)" FF(3) DB WL(2) PR(.\DP8051_Keil_951\Debug/SPI_IMU_PM.lst) CD OT(2 ,Size) OJ(.\DP8051_Keil_951\Debug\SPI_IMU_PM.obj)
c51.exe Generated_Source\PSoC3\SPI_IMU_INT.c NOIV LARGE MODDP2 OMF2 VB(1) NOIP "INCDIR(., Generated_Source\PSoC3)" FF(3) DB WL(2) PR(.\DP8051_Keil_951\Debug/SPI_IMU_INT.lst) CD OT(2 ,Size) OJ(.\DP8051_Keil_951\Debug\SPI_IMU_INT.obj)
c51.exe Generated_Source\PSoC3\MISO.c NOIV LARGE MODDP2 OMF2 VB(1) NOIP "INCDIR(., Generated_Source\PSoC3)" FF(3) DB WL(2) PR(.\DP8051_Keil_951\Debug/MISO.lst) CD OT(2 ,Size) OJ(.\DP8051_Keil_951\Debug\MISO.obj)
c51.exe Generated_Source\PSoC3\MOSI.c NOIV LARGE MODDP2 OMF2 VB(1) NOIP "INCDIR(., Generated_Source\PSoC3)" FF(3) DB WL(2) PR(.\DP8051_Keil_951\Debug/MOSI.lst) CD OT(2 ,Size) OJ(.\DP8051_Keil_951\Debug\MOSI.obj)
c51.exe Generated_Source\PSoC3\SCLK.c NOIV LARGE MODDP2 OMF2 VB(1) NOIP "INCDIR(., Generated_Source\PSoC3)" FF(3) DB WL(2) PR(.\DP8051_Keil_951\Debug/SCLK.lst) CD OT(2 ,Size) OJ(.\DP8051_Keil_951\Debug\SCLK.obj)
c51.exe Generated_Source\PSoC3\CS01.c NOIV LARGE MODDP2 OMF2 VB(1) NOIP "INCDIR(., Generated_Source\PSoC3)" FF(3) DB WL(2) PR(.\DP8051_Keil_951\Debug/CS01.lst) CD OT(2 ,Size) OJ(.\DP8051_Keil_951\Debug\CS01.obj)
c51.exe Generated_Source\PSoC3\CS02.c NOIV LARGE MODDP2 OMF2 VB(1) NOIP "INCDIR(., Generated_Source\PSoC3)" FF(3) DB WL(2) PR(.\DP8051_Keil_951\Debug/CS02.lst) CD OT(2 ,Size) OJ(.\DP8051_Keil_951\Debug\CS02.obj)
c51.exe Generated_Source\PSoC3\CS03.c NOIV LARGE MODDP2 OMF2 VB(1) NOIP "INCDIR(., Generated_Source\PSoC3)" FF(3) DB WL(2) PR(.\DP8051_Keil_951\Debug/CS03.lst) CD OT(2 ,Size) OJ(.\DP8051_Keil_951\Debug\CS03.obj)
c51.exe Generated_Source\PSoC3\CS04.c NOIV LARGE MODDP2 OMF2 VB(1) NOIP "INCDIR(., Generated_Source\PSoC3)" FF(3) DB WL(2) PR(.\DP8051_Keil_951\Debug/CS04.lst) CD OT(2 ,Size) OJ(.\DP8051_Keil_951\Debug\CS04.obj)
c51.exe Generated_Source\PSoC3\CS05.c NOIV LARGE MODDP2 OMF2 VB(1) NOIP "INCDIR(., Generated_Source\PSoC3)" FF(3) DB WL(2) PR(.\DP8051_Keil_951\Debug/CS05.lst) CD OT(2 ,Size) OJ(.\DP8051_Keil_951\Debug\CS05.obj)
c51.exe Generated_Source\PSoC3\CS06.c NOIV LARGE MODDP2 OMF2 VB(1) NOIP "INCDIR(., Generated_Source\PSoC3)" FF(3) DB WL(2) PR(.\DP8051_Keil_951\Debug/CS06.lst) CD OT(2 ,Size) OJ(.\DP8051_Keil_951\Debug\CS06.obj)
c51.exe Generated_Source\PSoC3\CS07.c NOIV LARGE MODDP2 OMF2 VB(1) NOIP "INCDIR(., Generated_Source\PSoC3)" FF(3) DB WL(2) PR(.\DP8051_Keil_951\Debug/CS07.lst) CD OT(2 ,Size) OJ(.\DP8051_Keil_951\Debug\CS07.obj)
c51.exe Generated_Source\PSoC3\CS08.c NOIV LARGE MODDP2 OMF2 VB(1) NOIP "INCDIR(., Generated_Source\PSoC3)" FF(3) DB WL(2) PR(.\DP8051_Keil_951\Debug/CS08.lst) CD OT(2 ,Size) OJ(.\DP8051_Keil_951\Debug\CS08.obj)
c51.exe Generated_Source\PSoC3\CS09.c NOIV LARGE MODDP2 OMF2 VB(1) NOIP "INCDIR(., Generated_Source\PSoC3)" FF(3) DB WL(2) PR(.\DP8051_Keil_951\Debug/CS09.lst) CD OT(2 ,Size) OJ(.\DP8051_Keil_951\Debug\CS09.obj)
c51.exe Generated_Source\PSoC3\CS10.c NOIV LARGE MODDP2 OMF2 VB(1) NOIP "INCDIR(., Generated_Source\PSoC3)" FF(3) DB WL(2) PR(.\DP8051_Keil_951\Debug/CS10.lst) CD OT(2 ,Size) OJ(.\DP8051_Keil_951\Debug\CS10.obj)
c51.exe Generated_Source\PSoC3\CS11.c NOIV LARGE MODDP2 OMF2 VB(1) NOIP "INCDIR(., Generated_Source\PSoC3)" FF(3) DB WL(2) PR(.\DP8051_Keil_951\Debug/CS11.lst) CD OT(2 ,Size) OJ(.\DP8051_Keil_951\Debug\CS11.obj)
c51.exe Generated_Source\PSoC3\CS12.c NOIV LARGE MODDP2 OMF2 VB(1) NOIP "INCDIR(., Generated_Source\PSoC3)" FF(3) DB WL(2) PR(.\DP8051_Keil_951\Debug/CS12.lst) CD OT(2 ,Size) OJ(.\DP8051_Keil_951\Debug\CS12.obj)
c51.exe Generated_Source\PSoC3\CS13.c NOIV LARGE MODDP2 OMF2 VB(1) NOIP "INCDIR(., Generated_Source\PSoC3)" FF(3) DB WL(2) PR(.\DP8051_Keil_951\Debug/CS13.lst) CD OT(2 ,Size) OJ(.\DP8051_Keil_951\Debug\CS13.obj)
c51.exe Generated_Source\PSoC3\CS14.c NOIV LARGE MODDP2 OMF2 VB(1) NOIP "INCDIR(., Generated_Source\PSoC3)" FF(3) DB WL(2) PR(.\DP8051_Keil_951\Debug/CS14.lst) CD OT(2 ,Size) OJ(.\DP8051_Keil_951\Debug\CS14.obj)
c51.exe Generated_Source\PSoC3\CS15.c NOIV LARGE MODDP2 OMF2 VB(1) NOIP "INCDIR(., Generated_Source\PSoC3)" FF(3) DB WL(2) PR(.\DP8051_Keil_951\Debug/CS15.lst) CD OT(2 ,Size) OJ(.\DP8051_Keil_951\Debug\CS15.obj)
c51.exe Generated_Source\PSoC3\CS16.c NOIV LARGE MODDP2 OMF2 VB(1) NOIP "INCDIR(., Generated_Source\PSoC3)" FF(3) DB WL(2) PR(.\DP8051_Keil_951\Debug/CS16.lst) CD OT(2 ,Size) OJ(.\DP8051_Keil_951\Debug\CS16.obj)
c51.exe Generated_Source\PSoC3\CS00.c NOIV LARGE MODDP2 OMF2 VB(1) NOIP "INCDIR(., Generated_Source\PSoC3)" FF(3) DB WL(2) PR(.\DP8051_Keil_951\Debug/CS00.lst) CD OT(2 ,Size) OJ(.\DP8051_Keil_951\Debug\CS00.obj)
c51.exe Generated_Source\PSoC3\Opto_Pin.c NOIV LARGE MODDP2 OMF2 VB(1) NOIP "INCDIR(., Generated_Source\PSoC3)" FF(3) DB WL(2) PR(.\DP8051_Keil_951\Debug/Opto_Pin.lst) CD OT(2 ,Size) OJ(.\DP8051_Keil_951\Debug\Opto_Pin.obj)
c51.exe Generated_Source\PSoC3\SPI_IMU_IntClock.c NOIV LARGE MODDP2 OMF2 VB(1) NOIP "INCDIR(., Generated_Source\PSoC3)" FF(3) DB WL(2) PR(.\DP8051_Keil_951\Debug/SPI_IMU_IntClock.lst) CD OT(2 ,Size) OJ(.\DP8051_Keil_951\Debug\SPI_IMU_IntClock.obj)
c51.exe Generated_Source\PSoC3\Chip_Select_A.c NOIV LARGE MODDP2 OMF2 VB(1) NOIP "INCDIR(., Generated_Source\PSoC3)" FF(3) DB WL(2) PR(.\DP8051_Keil_951\Debug/Chip_Select_A.lst) CD OT(2 ,Size) OJ(.\DP8051_Keil_951\Debug\Chip_Select_A.obj)
c51.exe Generated_Source\PSoC3\Chip_Select_A_PM.c NOIV LARGE MODDP2 OMF2 VB(1) NOIP "INCDIR(., Generated_Source\PSoC3)" FF(3) DB WL(2) PR(.\DP8051_Keil_951\Debug/Chip_Select_A_PM.lst) CD OT(2 ,Size) OJ(.\DP8051_Keil_951\Debug\Chip_Select_A_PM.obj)
c51.exe Generated_Source\PSoC3\Chip_Select_B.c NOIV LARGE MODDP2 OMF2 VB(1) NOIP "INCDIR(., Generated_Source\PSoC3)" FF(3) DB WL(2) PR(.\DP8051_Keil_951\Debug/Chip_Select_B.lst) CD OT(2 ,Size) OJ(.\DP8051_Keil_951\Debug\Chip_Select_B.obj)
c51.exe Generated_Source\PSoC3\Chip_Select_B_PM.c NOIV LARGE MODDP2 OMF2 VB(1) NOIP "INCDIR(., Generated_Source\PSoC3)" FF(3) DB WL(2) PR(.\DP8051_Keil_951\Debug/Chip_Select_B_PM.lst) CD OT(2 ,Size) OJ(.\DP8051_Keil_951\Debug\Chip_Select_B_PM.obj)
c51.exe Generated_Source\PSoC3\cy_em_eeprom.c NOIV LARGE MODDP2 OMF2 VB(1) NOIP "INCDIR(., Generated_Source\PSoC3)" FF(3) DB WL(2) PR(.\DP8051_Keil_951\Debug/cy_em_eeprom.lst) CD OT(2 ,Size) OJ(.\DP8051_Keil_951\Debug\cy_em_eeprom.obj)
c51.exe Generated_Source\PSoC3\AInput_2.c NOIV LARGE MODDP2 OMF2 VB(1) NOIP "INCDIR(., Generated_Source\PSoC3)" FF(3) DB WL(2) PR(.\DP8051_Keil_951\Debug/AInput_2.lst) CD OT(2 ,Size) OJ(.\DP8051_Keil_951\Debug\AInput_2.obj)
c51.exe Generated_Source\PSoC3\AInput_1.c NOIV LARGE MODDP2 OMF2 VB(1) NOIP "INCDIR(., Generated_Source\PSoC3)" FF(3) DB WL(2) PR(.\DP8051_Keil_951\Debug/AInput_1.lst) CD OT(2 ,Size) OJ(.\DP8051_Keil_951\Debug\AInput_1.obj)
LIBX51.exe TRANSFER '.\DP8051_Keil_951\Debug\UART_RS485.obj', '.\DP8051_Keil_951\Debug\UART_RS485_PM.obj', '.\DP8051_Keil_951\Debug\UART_RS485_INT.obj', '.\DP8051_Keil_951\Debug\UART_RS485_BOOT.obj', '.\DP8051_Keil_951\Debug\RS_485_EN.obj', '.\DP8051_Keil_951\Debug\ISR_RS485_RX.obj', '.\DP8051_Keil_951\Debug\PACER_TIMER.obj', '.\DP8051_Keil_951\Debug\PACER_TIMER_PM.obj', '.\DP8051_Keil_951\Debug\CLOCK_UART.obj', '.\DP8051_Keil_951\Debug\EEPROM.obj', '.\DP8051_Keil_951\Debug\USB_VDD.obj', '.\DP8051_Keil_951\Debug\FTDI_ENABLE.obj', '.\DP8051_Keil_951\Debug\ADC.obj', '.\DP8051_Keil_951\Debug\ADC_PM.obj', '.\DP8051_Keil_951\Debug\ADC_INT.obj', '.\DP8051_Keil_951\Debug\RS485_CTS.obj', '.\DP8051_Keil_951\Debug\RS485_CTS_PM.obj', '.\DP8051_Keil_951\Debug\Bootloadable.obj', '.\DP8051_Keil_951\Debug\FTDI_ENABLE_REG.obj', '.\DP8051_Keil_951\Debug\FTDI_ENABLE_REG_PM.obj', '.\DP8051_Keil_951\Debug\RESET_FF.obj', '.\DP8051_Keil_951\Debug\RESET_FF_PM.obj', '.\DP8051_Keil_951\Debug\FF_STATUS.obj', '.\DP8051_Keil_951\Debug\MY_TIMER.obj', '.\DP8051_Keil_951\Debug\MY_TIMER_PM.obj', '.\DP8051_Keil_951\Debug\timer_clock.obj', '.\DP8051_Keil_951\Debug\ADC_STATUS.obj', '.\DP8051_Keil_951\Debug\DMA_dma.obj', '.\DP8051_Keil_951\Debug\ADC_SOC.obj', '.\DP8051_Keil_951\Debug\ADC_SOC_PM.obj', '.\DP8051_Keil_951\Debug\ADC_AMux.obj', '.\DP8051_Keil_951\Debug\ADC_Ext_CP_Clk.obj', '.\DP8051_Keil_951\Debug\ADC_IRQ.obj', '.\DP8051_Keil_951\Debug\ADC_theACLK.obj', '.\DP8051_Keil_951\Debug\CyDmac.obj', '.\DP8051_Keil_951\Debug\CyFlash.obj', '.\DP8051_Keil_951\Debug\CyLib.obj', '.\DP8051_Keil_951\Debug\cyPm.obj', '.\DP8051_Keil_951\Debug\CySpc.obj', '.\DP8051_Keil_951\Debug\cyutils.obj', '.\DP8051_Keil_951\Debug\SPI_IMU.obj', '.\DP8051_Keil_951\Debug\SPI_IMU_PM.obj', '.\DP8051_Keil_951\Debug\SPI_IMU_INT.obj', '.\DP8051_Keil_951\Debug\MISO.obj', '.\DP8051_Keil_951\Debug\MOSI.obj', '.\DP8051_Keil_951\Debug\SCLK.obj', '.\DP8051_Keil_951\Debug\CS01.obj', '.\DP8051_Keil_951\Debug\CS02.obj', '.\DP8051_Keil_951\Debug\CS03.obj', '.\DP8051_Keil_951\Debug\CS04.obj', '.\DP8051_Keil_951\Debug\CS05.obj', '.\DP8051_Keil_951\Debug\CS06.obj', '.\DP8051_Keil_951\Debug\CS07.obj', '.\DP8051_Keil_951\Debug\CS08.obj', '.\DP8051_Keil_951\Debug\CS09.obj', '.\DP8051_Keil_951\Debug\CS10.obj', '.\DP8051_Keil_951\Debug\CS11.obj', '.\DP8051_Keil_951\Debug\CS12.obj', '.\DP8051_Keil_951\Debug\CS13.obj', '.\DP8051_Keil_951\Debug\CS14.obj', '.\DP8051_Keil_951\Debug\CS15.obj', '.\DP8051_Keil_951\Debug\CS16.obj', '.\DP8051_Keil_951\Debug\CS00.obj', '.\DP8051_Keil_951\Debug\Opto_Pin.obj', '.\DP8051_Keil_951\Debug\SPI_IMU_IntClock.obj', '.\DP8051_Keil_951\Debug\Chip_Select_A.obj', '.\DP8051_Keil_951\Debug\Chip_Select_A_PM.obj', '.\DP8051_Keil_951\Debug\Chip_Select_B.obj', '.\DP8051_Keil_951\Debug\Chip_Select_B_PM.obj', '.\DP8051_Keil_951\Debug\cy_em_eeprom.obj', '.\DP8051_Keil_951\Debug\AInput_2.obj', '.\DP8051_Keil_951\Debug\AInput_1.obj', '.\DP8051_Keil_951\Debug\CyBootAsmKeil.obj', '.\DP8051_Keil_951\Debug\cymem.obj', '.\DP8051_Keil_951\Debug\KeilStart.obj' TO '.\DP8051_Keil_951\Debug\firmware.lib'
LX51.exe '.\DP8051_Keil_951\Debug\command_processing.obj', '.\DP8051_Keil_951\Debug\globals.obj', '.\DP8051_Keil_951\Debug\interruptions.obj', '.\DP8051_Keil_951\Debug\main.obj', '.\DP8051_Keil_951\Debug\utils.obj', '.\DP8051_Keil_951\Debug\IMU_functions.obj', '.\DP8051_Keil_951\Debug\cyfitter_cfg.obj', '.\DP8051_Keil_951\Debug\firmware.lib', 'C:\Program Files (x86)\Cypress\PSoC Creator\4.2\PSoC Creator\psoc\content\cycomponentlibrary\CyComponentLibrary.cylib\DP8051\DP8051_Keil_951\Debug\CyComponentLibrary.lib' TO '.\DP8051_Keil_951\Debug\firmware.omf' CODE RU RC(10) DW(16) WL(2) PR(.\DP8051_Keil_951\Debug/firmware.map) IX CL(XDATA(X:0x0000-X:0x1FFF)) CL(CODE(C:0x2600-C:0xFFBF)) CL(CONST(C:0x2600-C:0xFFBF))
Program Size: data=41.3 xdata=5717 const=1677 code=36066
OHx51.exe firmware.omf HEXFILE(firmware.ihx)
c8051-elf-omf2elf.exe firmware.omf firmware.elf
cysymboladdressfinder.exe -f .\DP8051_Keil_951\Debug\firmware.elf -s STARTUP1 -p .\DP8051_Keil_951\Debug\entryaddress.txt -l FF0000
CyHexTool -o "C:\Users\murad\Desktop\IMU-master (1)\IMU-master\Firmware\firmware.cydsn\DP8051_Keil_951\Debug\firmware.cyacd" -f "C:\Users\murad\Desktop\IMU-master (1)\IMU-master\Firmware\firmware.cydsn\DP8051_Keil_951\Debug\firmware.ihx" -flsLine 256 -arraySize 65536 -id 1E093069 -rev 3 -ecc Generated_Source\PSoC3\config.hex -metaRow 0 -blver 000000000000000000000000000000000000 -chksumEcc -blChkType 0 -endian b -a EEPROM=90200000:800,PROGRAM=00000000:10000,CONFIG=80000000:2000,PROTECT=90400000:40 -acd -acdStart 2600 -e .\DP8051_Keil_951\Debug\entryaddress.txt
CyHexTool -o "C:\Users\murad\Desktop\IMU-master (1)\IMU-master\Firmware\firmware.cydsn\DP8051_Keil_951\Debug\firmware.hex" -flsLine 256 -arraySize 65536 -bl ..\Bootloader\bootloader.hex -blver 000000000000000000000000000000000000 -chksumEcc -blChkType 0 -endian b -prot Generated_Source\PSoC3\protect.hex -id 1E093069 -a EEPROM=90200000:800,PROGRAM=00000000:10000,CONFIG=80000000:2000,PROTECT=90400000:40 -meta 0301 -cunv 0800C007 -wonv BC90ACAF -ecc Generated_Source\PSoC3\config.hex -ld "C:\Users\murad\Desktop\IMU-master (1)\IMU-master\Firmware\firmware.cydsn\DP8051_Keil_951\Debug\firmware.ihx=2600:D9BF" -acdStart 2600 -e .\DP8051_Keil_951\Debug\entryaddress.txt
Flash used: 47727 of 65536 bytes (72.8%). Bootloader: 9728 bytes. Application: 37743 bytes. Metadata: 256 bytes.
SRAM used: 5717 of 8192 bytes (69.8%).
--------------- Build Succeeded: 04/01/2019 12:08:06 ---------------
